<?xml version="1.0" encoding="UTF-8"?>
<!-- Generated by org.testng.reporters.JUnitReportReporter -->
<testsuite hostname="DESKTOP-9DOV98M" failures="0" tests="1" name="harshakr.tests.ErrorValidations" time="6.615" errors="0" timestamp="2024-04-20T10:36:16 IST" skipped="0">
  <testcase classname="harshakr.tests.ErrorValidations" name="InvalidLoginValidation" time="6.615"/>
</testsuite> <!-- harshakr.tests.ErrorValidations -->
