<?xml version="1.0" encoding="UTF-8"?>
<!-- Generated by org.testng.reporters.JUnitReportReporter -->
<testsuite hostname="DESKTOP-9DOV98M" failures="0" tests="3" name="cucumberTests.TestNGTestRunner" time="60.347" errors="0" timestamp="2024-05-12T11:01:31 IST" skipped="0">
  <testcase classname="cucumberTests.TestNGTestRunner" name="runScenario" time="11.552"/>
  <testcase classname="cucumberTests.TestNGTestRunner" name="runScenario" time="23.083"/>
  <testcase classname="cucumberTests.TestNGTestRunner" name="runScenario" time="25.712"/>
</testsuite> <!-- cucumberTests.TestNGTestRunner -->
