<?xml version="1.0" encoding="UTF-8"?>
<!-- Generated by org.testng.reporters.JUnitReportReporter -->
<testsuite hostname="DESKTOP-9DOV98M" failures="0" tests="3" name="cucumberTests.TestNGTestRunner" time="43.846" errors="0" timestamp="2024-05-12T11:56:05 IST" skipped="0">
  <testcase classname="cucumberTests.TestNGTestRunner" name="runScenario" time="12.197"/>
  <testcase classname="cucumberTests.TestNGTestRunner" name="runScenario" time="8.255"/>
  <testcase classname="cucumberTests.TestNGTestRunner" name="runScenario" time="23.394"/>
</testsuite> <!-- cucumberTests.TestNGTestRunner -->
