<?xml version="1.0" encoding="UTF-8"?>
<!-- Generated by org.testng.reporters.JUnitReportReporter -->
<testsuite hostname="DESKTOP-9DOV98M" failures="0" tests="2" name="harshakr.tests.StandAloneTest2" time="48.794" errors="0" timestamp="2024-04-02T08:30:48 IST" skipped="0">
  <testcase classname="harshakr.tests.StandAloneTest2" name="submitOrder" time="21.797"/>
  <testcase classname="harshakr.tests.StandAloneTest2" name="submitOrder" time="26.997"/>
</testsuite> <!-- harshakr.tests.StandAloneTest2 -->
